2025-03-18 01:51:03 | InsiderCrypto | ALERT | log_config:33 - Esta é uma mensagem de ALERT
2025-03-18 01:51:03 | InsiderCrypto | ERROR | test_logger:19 - Esta é uma mensagem de ERROR
2025-03-18 01:51:03 | InsiderCrypto | CRITICAL | test_logger:20 - Esta é uma mensagem de CRITICAL
2025-03-18 01:51:03 | InsiderCrypto | ERROR | test_logger:26 - Erro ao dividir por zero: division by zero
Traceback (most recent call last):
  File "D:\Workspace\Projeto-Python\insider_crypto_bot\tests\test_logger.py", line 24, in <module>
    1 / 0  # Gera uma exceção
    ~~^~~
ZeroDivisionError: division by zero
2025-03-18 01:59:01 | InsiderCrypto | ALERT | log_config:33 - Esta é uma mensagem de ALERT
2025-03-18 01:59:01 | InsiderCrypto | ERROR | test_logger:19 - Esta é uma mensagem de ERROR
2025-03-18 01:59:01 | InsiderCrypto | CRITICAL | test_logger:20 - Esta é uma mensagem de CRITICAL
2025-03-18 01:59:01 | InsiderCrypto | ERROR | test_logger:26 - Erro ao dividir por zero: division by zero
Traceback (most recent call last):
  File "D:\Workspace\Projeto-Python\insider_crypto_bot\tests\test_logger.py", line 24, in <module>
    1 / 0  # Gera uma exceção
    ~~^~~
ZeroDivisionError: division by zero
2025-03-18 01:59:20 | InsiderCrypto | ALERT | log_config:33 - Esta é uma mensagem de ALERT
2025-03-18 01:59:20 | InsiderCrypto | ERROR | test_logger:19 - Esta é uma mensagem de ERROR
2025-03-18 01:59:20 | InsiderCrypto | CRITICAL | test_logger:20 - Esta é uma mensagem de CRITICAL
2025-03-18 01:59:20 | InsiderCrypto | ERROR | test_logger:26 - Erro ao dividir por zero: division by zero
Traceback (most recent call last):
  File "D:\Workspace\Projeto-Python\insider_crypto_bot\tests\test_logger.py", line 24, in <module>
    1 / 0  # Gera uma exceção
    ~~^~~
ZeroDivisionError: division by zero
2025-03-18 02:04:07 | InsiderCrypto | ALERT | log_config:33 - Esta é uma mensagem de ALERT
2025-03-18 02:04:07 | InsiderCrypto | ERROR | test_logger:19 - Esta é uma mensagem de ERROR
2025-03-18 02:04:07 | InsiderCrypto | CRITICAL | test_logger:20 - Esta é uma mensagem de CRITICAL
2025-03-18 02:04:07 | InsiderCrypto | ERROR | test_logger:26 - Erro ao dividir por zero: division by zero
Traceback (most recent call last):
  File "D:\Workspace\Projeto-Python\insider_crypto_bot\tests\test_logger.py", line 24, in <module>
    1 / 0  # Gera uma exceção
    ~~^~~
ZeroDivisionError: division by zero
